<?xml version="1.0" encoding="UTF-8"?>
<!-- Generated by org.testng.reporters.JUnitReportReporter -->
<testsuite hostname="SantoshSingh-WV4NGPFL42" failures="0" tests="3" name="testCases.SeleniumKotlinTest" time="59.541" errors="0" timestamp="2025-06-06T19:16:12 IST" skipped="0">
  <testcase classname="testCases.SeleniumKotlinTest" name="sampleTest" time="25.187"/>
  <system-out/>
  <testcase classname="testCases.SeleniumKotlinTest" name="sampleTest" time="10.986"/>
  <system-out/>
  <testcase classname="testCases.SeleniumKotlinTest" name="sampleTest" time="23.368"/>
  <system-out/>
</testsuite> <!-- testCases.SeleniumKotlinTest -->
